<?xml version="1.0" encoding="UTF-8"?>
<testsuite xmlns:xsi="http://www.w3.org/2001/XMLSchema-instance" xsi:noNamespaceSchemaLocation="https://maven.apache.org/surefire/maven-surefire-plugin/xsd/surefire-test-report-3.0.xsd" version="3.0" name="TestSuite" time="30.693" tests="33" errors="0" skipped="32" failures="1">
  <properties>
    <property name="sun.desktop" value="windows"/>
    <property name="awt.toolkit" value="sun.awt.windows.WToolkit"/>
    <property name="java.specification.version" value="11"/>
    <property name="webdriver.chrome.driver" value=".\Drivers\chromedriver.exe"/>
    <property name="sun.cpu.isalist" value="amd64"/>
    <property name="sun.jnu.encoding" value="Cp1252"/>
    <property name="java.class.path" value="C:\Users\saiha\eclipse-workspace\UrbanLadder\target\test-classes;C:\Users\saiha\eclipse-workspace\UrbanLadder\target\classes;C:\Windows\system32\config\systemprofile\.m2\repository\org\seleniumhq\selenium\selenium-java\3.141.59\selenium-java-3.141.59.jar;C:\Windows\system32\config\systemprofile\.m2\repository\org\seleniumhq\selenium\selenium-api\3.141.59\selenium-api-3.141.59.jar;C:\Windows\system32\config\systemprofile\.m2\repository\org\seleniumhq\selenium\selenium-chrome-driver\3.141.59\selenium-chrome-driver-3.141.59.jar;C:\Windows\system32\config\systemprofile\.m2\repository\org\seleniumhq\selenium\selenium-edge-driver\3.141.59\selenium-edge-driver-3.141.59.jar;C:\Windows\system32\config\systemprofile\.m2\repository\org\seleniumhq\selenium\selenium-firefox-driver\3.141.59\selenium-firefox-driver-3.141.59.jar;C:\Windows\system32\config\systemprofile\.m2\repository\org\seleniumhq\selenium\selenium-ie-driver\3.141.59\selenium-ie-driver-3.141.59.jar;C:\Windows\system32\config\systemprofile\.m2\repository\org\seleniumhq\selenium\selenium-opera-driver\3.141.59\selenium-opera-driver-3.141.59.jar;C:\Windows\system32\config\systemprofile\.m2\repository\org\seleniumhq\selenium\selenium-remote-driver\3.141.59\selenium-remote-driver-3.141.59.jar;C:\Windows\system32\config\systemprofile\.m2\repository\org\seleniumhq\selenium\selenium-safari-driver\3.141.59\selenium-safari-driver-3.141.59.jar;C:\Windows\system32\config\systemprofile\.m2\repository\org\seleniumhq\selenium\selenium-support\3.141.59\selenium-support-3.141.59.jar;C:\Windows\system32\config\systemprofile\.m2\repository\net\bytebuddy\byte-buddy\1.8.15\byte-buddy-1.8.15.jar;C:\Windows\system32\config\systemprofile\.m2\repository\org\apache\commons\commons-exec\1.3\commons-exec-1.3.jar;C:\Windows\system32\config\systemprofile\.m2\repository\com\google\guava\guava\25.0-jre\guava-25.0-jre.jar;C:\Windows\system32\config\systemprofile\.m2\repository\com\google\code\findbugs\jsr305\1.3.9\jsr305-1.3.9.jar;C:\Windows\system32\config\systemprofile\.m2\repository\org\checkerframework\checker-compat-qual\2.0.0\checker-compat-qual-2.0.0.jar;C:\Windows\system32\config\systemprofile\.m2\repository\com\google\errorprone\error_prone_annotations\2.1.3\error_prone_annotations-2.1.3.jar;C:\Windows\system32\config\systemprofile\.m2\repository\com\google\j2objc\j2objc-annotations\1.1\j2objc-annotations-1.1.jar;C:\Windows\system32\config\systemprofile\.m2\repository\org\codehaus\mojo\animal-sniffer-annotations\1.14\animal-sniffer-annotations-1.14.jar;C:\Windows\system32\config\systemprofile\.m2\repository\com\squareup\okhttp3\okhttp\3.11.0\okhttp-3.11.0.jar;C:\Windows\system32\config\systemprofile\.m2\repository\com\squareup\okio\okio\1.14.0\okio-1.14.0.jar;C:\Windows\system32\config\systemprofile\.m2\repository\org\apache\poi\poi-ooxml\5.0.0\poi-ooxml-5.0.0.jar;C:\Windows\system32\config\systemprofile\.m2\repository\org\apache\poi\poi-ooxml-lite\5.0.0\poi-ooxml-lite-5.0.0.jar;C:\Windows\system32\config\systemprofile\.m2\repository\org\apache\xmlbeans\xmlbeans\4.0.0\xmlbeans-4.0.0.jar;C:\Windows\system32\config\systemprofile\.m2\repository\org\apache\commons\commons-compress\1.20\commons-compress-1.20.jar;C:\Windows\system32\config\systemprofile\.m2\repository\com\github\virtuald\curvesapi\1.06\curvesapi-1.06.jar;C:\Windows\system32\config\systemprofile\.m2\repository\org\bouncycastle\bcpkix-jdk15on\1.68\bcpkix-jdk15on-1.68.jar;C:\Windows\system32\config\systemprofile\.m2\repository\org\bouncycastle\bcprov-jdk15on\1.68\bcprov-jdk15on-1.68.jar;C:\Windows\system32\config\systemprofile\.m2\repository\org\apache\santuario\xmlsec\2.2.1\xmlsec-2.2.1.jar;C:\Windows\system32\config\systemprofile\.m2\repository\com\fasterxml\woodstox\woodstox-core\5.2.1\woodstox-core-5.2.1.jar;C:\Windows\system32\config\systemprofile\.m2\repository\org\codehaus\woodstox\stax2-api\4.2\stax2-api-4.2.jar;C:\Windows\system32\config\systemprofile\.m2\repository\jakarta\xml\bind\jakarta.xml.bind-api\2.3.2\jakarta.xml.bind-api-2.3.2.jar;C:\Windows\system32\config\systemprofile\.m2\repository\jakarta\activation\jakarta.activation-api\1.2.1\jakarta.activation-api-1.2.1.jar;C:\Windows\system32\config\systemprofile\.m2\repository\org\apache\xmlgraphics\batik-all\1.13\batik-all-1.13.jar;C:\Windows\system32\config\systemprofile\.m2\repository\org\apache\xmlgraphics\batik-anim\1.13\batik-anim-1.13.jar;C:\Windows\system32\config\systemprofile\.m2\repository\org\apache\xmlgraphics\batik-shared-resources\1.13\batik-shared-resources-1.13.jar;C:\Windows\system32\config\systemprofile\.m2\repository\xml-apis\xml-apis-ext\1.3.04\xml-apis-ext-1.3.04.jar;C:\Windows\system32\config\systemprofile\.m2\repository\org\apache\xmlgraphics\batik-awt-util\1.13\batik-awt-util-1.13.jar;C:\Windows\system32\config\systemprofile\.m2\repository\org\apache\xmlgraphics\xmlgraphics-commons\2.4\xmlgraphics-commons-2.4.jar;C:\Windows\system32\config\systemprofile\.m2\repository\commons-io\commons-io\1.3.1\commons-io-1.3.1.jar;C:\Windows\system32\config\systemprofile\.m2\repository\org\apache\xmlgraphics\batik-bridge\1.13\batik-bridge-1.13.jar;C:\Windows\system32\config\systemprofile\.m2\repository\org\apache\xmlgraphics\batik-codec\1.13\batik-codec-1.13.jar;C:\Windows\system32\config\systemprofile\.m2\repository\org\apache\xmlgraphics\batik-constants\1.13\batik-constants-1.13.jar;C:\Windows\system32\config\systemprofile\.m2\repository\org\apache\xmlgraphics\batik-css\1.13\batik-css-1.13.jar;C:\Windows\system32\config\systemprofile\.m2\repository\org\apache\xmlgraphics\batik-dom\1.13\batik-dom-1.13.jar;C:\Windows\system32\config\systemprofile\.m2\repository\xalan\xalan\2.7.2\xalan-2.7.2.jar;C:\Windows\system32\config\systemprofile\.m2\repository\xalan\serializer\2.7.2\serializer-2.7.2.jar;C:\Windows\system32\config\systemprofile\.m2\repository\xml-apis\xml-apis\1.4.01\xml-apis-1.4.01.jar;C:\Windows\system32\config\systemprofile\.m2\repository\org\apache\xmlgraphics\batik-ext\1.13\batik-ext-1.13.jar;C:\Windows\system32\config\systemprofile\.m2\repository\org\apache\xmlgraphics\batik-extension\1.13\batik-extension-1.13.jar;C:\Windows\system32\config\systemprofile\.m2\repository\org\apache\xmlgraphics\batik-gui-util\1.13\batik-gui-util-1.13.jar;C:\Windows\system32\config\systemprofile\.m2\repository\org\apache\xmlgraphics\batik-gvt\1.13\batik-gvt-1.13.jar;C:\Windows\system32\config\systemprofile\.m2\repository\org\apache\xmlgraphics\batik-i18n\1.13\batik-i18n-1.13.jar;C:\Windows\system32\config\systemprofile\.m2\repository\org\apache\xmlgraphics\batik-parser\1.13\batik-parser-1.13.jar;C:\Windows\system32\config\systemprofile\.m2\repository\org\apache\xmlgraphics\batik-rasterizer-ext\1.13\batik-rasterizer-ext-1.13.jar;C:\Windows\system32\config\systemprofile\.m2\repository\org\apache\xmlgraphics\batik-rasterizer\1.13\batik-rasterizer-1.13.jar;C:\Windows\system32\config\systemprofile\.m2\repository\org\apache\xmlgraphics\batik-script\1.13\batik-script-1.13.jar;C:\Windows\system32\config\systemprofile\.m2\repository\org\apache\xmlgraphics\batik-slideshow\1.13\batik-slideshow-1.13.jar;C:\Windows\system32\config\systemprofile\.m2\repository\org\apache\xmlgraphics\batik-squiggle-ext\1.13\batik-squiggle-ext-1.13.jar;C:\Windows\system32\config\systemprofile\.m2\repository\org\apache\xmlgraphics\batik-squiggle\1.13\batik-squiggle-1.13.jar;C:\Windows\system32\config\systemprofile\.m2\repository\org\apache\xmlgraphics\batik-svg-dom\1.13\batik-svg-dom-1.13.jar;C:\Windows\system32\config\systemprofile\.m2\repository\org\apache\xmlgraphics\batik-svgbrowser\1.13\batik-svgbrowser-1.13.jar;C:\Windows\system32\config\systemprofile\.m2\repository\org\apache\xmlgraphics\batik-svggen\1.13\batik-svggen-1.13.jar;C:\Windows\system32\config\systemprofile\.m2\repository\org\apache\xmlgraphics\batik-svgpp\1.13\batik-svgpp-1.13.jar;C:\Windows\system32\config\systemprofile\.m2\repository\org\apache\xmlgraphics\batik-svgrasterizer\1.13\batik-svgrasterizer-1.13.jar;C:\Windows\system32\config\systemprofile\.m2\repository\org\apache\xmlgraphics\batik-swing\1.13\batik-swing-1.13.jar;C:\Windows\system32\config\systemprofile\.m2\repository\org\apache\xmlgraphics\batik-transcoder\1.13\batik-transcoder-1.13.jar;C:\Windows\system32\config\systemprofile\.m2\repository\org\apache\xmlgraphics\batik-util\1.13\batik-util-1.13.jar;C:\Windows\system32\config\systemprofile\.m2\repository\org\apache\xmlgraphics\batik-ttf2svg\1.13\batik-ttf2svg-1.13.jar;C:\Windows\system32\config\systemprofile\.m2\repository\org\apache\xmlgraphics\batik-xml\1.13\batik-xml-1.13.jar;C:\Windows\system32\config\systemprofile\.m2\repository\de\rototor\pdfbox\graphics2d\0.30\graphics2d-0.30.jar;C:\Windows\system32\config\systemprofile\.m2\repository\org\apache\pdfbox\pdfbox\2.0.22\pdfbox-2.0.22.jar;C:\Windows\system32\config\systemprofile\.m2\repository\org\apache\pdfbox\fontbox\2.0.22\fontbox-2.0.22.jar;C:\Windows\system32\config\systemprofile\.m2\repository\org\apache\poi\poi\5.0.0\poi-5.0.0.jar;C:\Windows\system32\config\systemprofile\.m2\repository\org\slf4j\slf4j-api\1.7.30\slf4j-api-1.7.30.jar;C:\Windows\system32\config\systemprofile\.m2\repository\org\slf4j\jcl-over-slf4j\1.7.30\jcl-over-slf4j-1.7.30.jar;C:\Windows\system32\config\systemprofile\.m2\repository\commons-codec\commons-codec\1.15\commons-codec-1.15.jar;C:\Windows\system32\config\systemprofile\.m2\repository\org\apache\commons\commons-collections4\4.4\commons-collections4-4.4.jar;C:\Windows\system32\config\systemprofile\.m2\repository\org\apache\commons\commons-math3\3.6.1\commons-math3-3.6.1.jar;C:\Windows\system32\config\systemprofile\.m2\repository\com\zaxxer\SparseBitSet\1.2\SparseBitSet-1.2.jar;C:\Windows\system32\config\systemprofile\.m2\repository\org\testng\testng\7.4.0\testng-7.4.0.jar;C:\Windows\system32\config\systemprofile\.m2\repository\com\beust\jcommander\1.78\jcommander-1.78.jar;C:\Windows\system32\config\systemprofile\.m2\repository\org\webjars\jquery\3.5.1\jquery-3.5.1.jar;C:\Windows\system32\config\systemprofile\.m2\repository\org\apache\logging\log4j\log4j-api\2.14.1\log4j-api-2.14.1.jar;C:\Windows\system32\config\systemprofile\.m2\repository\org\apache\logging\log4j\log4j-core\2.14.1\log4j-core-2.14.1.jar;C:\Windows\system32\config\systemprofile\.m2\repository\com\relevantcodes\extentreports\2.41.2\extentreports-2.41.2.jar;C:\Windows\system32\config\systemprofile\.m2\repository\org\jsoup\jsoup\1.8.3\jsoup-1.8.3.jar;C:\Windows\system32\config\systemprofile\.m2\repository\org\xerial\sqlite-jdbc\3.8.11.1\sqlite-jdbc-3.8.11.1.jar;C:\Windows\system32\config\systemprofile\.m2\repository\org\freemarker\freemarker\2.3.23\freemarker-2.3.23.jar;C:\Windows\system32\config\systemprofile\.m2\repository\org\mongodb\mongodb-driver\3.0.4\mongodb-driver-3.0.4.jar;C:\Windows\system32\config\systemprofile\.m2\repository\org\mongodb\bson\3.0.4\bson-3.0.4.jar;C:\Windows\system32\config\systemprofile\.m2\repository\org\mongodb\mongodb-driver-core\3.0.4\mongodb-driver-core-3.0.4.jar;C:\Windows\system32\config\systemprofile\.m2\repository\com\aventstack\extentreports\3.1.5\extentreports-3.1.5.jar;C:\Windows\system32\config\systemprofile\.m2\repository\org\apache\httpcomponents\httpclient\4.5.2\httpclient-4.5.2.jar;C:\Windows\system32\config\systemprofile\.m2\repository\org\apache\httpcomponents\httpcore\4.4.4\httpcore-4.4.4.jar;C:\Windows\system32\config\systemprofile\.m2\repository\commons-logging\commons-logging\1.2\commons-logging-1.2.jar;C:\Windows\system32\config\systemprofile\.m2\repository\org\apache\httpcomponents\httpmime\4.5.2\httpmime-4.5.2.jar;C:\Windows\system32\config\systemprofile\.m2\repository\com\google\code\gson\gson\2.8.0\gson-2.8.0.jar;C:\Windows\system32\config\systemprofile\.m2\repository\log4j\log4j\1.2.17\log4j-1.2.17.jar;C:\Windows\system32\config\systemprofile\.m2\repository\junit\junit\4.13.2\junit-4.13.2.jar;C:\Windows\system32\config\systemprofile\.m2\repository\org\hamcrest\hamcrest-core\1.3\hamcrest-core-1.3.jar;"/>
    <property name="java.vm.vendor" value="Oracle Corporation"/>
    <property name="sun.arch.data.model" value="64"/>
    <property name="user.variant" value=""/>
    <property name="java.vendor.url" value="https://openjdk.java.net/"/>
    <property name="user.timezone" value="Asia/Calcutta"/>
    <property name="java.vm.specification.version" value="11"/>
    <property name="os.name" value="Windows 10"/>
    <property name="sun.java.launcher" value="SUN_STANDARD"/>
    <property name="user.country" value="US"/>
    <property name="sun.boot.library.path" value="C:\Program Files\Java\jdk-11.0.12\bin"/>
    <property name="sun.java.command" value="C:\Windows\Temp\surefire18306293268860854395\surefirebooter7884856845831902874.jar C:\Windows\Temp\surefire18306293268860854395 2021-09-26T08-13-35_845-jvmRun1 surefire2281141423747123395tmp surefire_0500259942904006919tmp"/>
    <property name="jdk.debug" value="release"/>
    <property name="surefire.test.class.path" value="C:\Users\saiha\eclipse-workspace\UrbanLadder\target\test-classes;C:\Users\saiha\eclipse-workspace\UrbanLadder\target\classes;C:\Windows\system32\config\systemprofile\.m2\repository\org\seleniumhq\selenium\selenium-java\3.141.59\selenium-java-3.141.59.jar;C:\Windows\system32\config\systemprofile\.m2\repository\org\seleniumhq\selenium\selenium-api\3.141.59\selenium-api-3.141.59.jar;C:\Windows\system32\config\systemprofile\.m2\repository\org\seleniumhq\selenium\selenium-chrome-driver\3.141.59\selenium-chrome-driver-3.141.59.jar;C:\Windows\system32\config\systemprofile\.m2\repository\org\seleniumhq\selenium\selenium-edge-driver\3.141.59\selenium-edge-driver-3.141.59.jar;C:\Windows\system32\config\systemprofile\.m2\repository\org\seleniumhq\selenium\selenium-firefox-driver\3.141.59\selenium-firefox-driver-3.141.59.jar;C:\Windows\system32\config\systemprofile\.m2\repository\org\seleniumhq\selenium\selenium-ie-driver\3.141.59\selenium-ie-driver-3.141.59.jar;C:\Windows\system32\config\systemprofile\.m2\repository\org\seleniumhq\selenium\selenium-opera-driver\3.141.59\selenium-opera-driver-3.141.59.jar;C:\Windows\system32\config\systemprofile\.m2\repository\org\seleniumhq\selenium\selenium-remote-driver\3.141.59\selenium-remote-driver-3.141.59.jar;C:\Windows\system32\config\systemprofile\.m2\repository\org\seleniumhq\selenium\selenium-safari-driver\3.141.59\selenium-safari-driver-3.141.59.jar;C:\Windows\system32\config\systemprofile\.m2\repository\org\seleniumhq\selenium\selenium-support\3.141.59\selenium-support-3.141.59.jar;C:\Windows\system32\config\systemprofile\.m2\repository\net\bytebuddy\byte-buddy\1.8.15\byte-buddy-1.8.15.jar;C:\Windows\system32\config\systemprofile\.m2\repository\org\apache\commons\commons-exec\1.3\commons-exec-1.3.jar;C:\Windows\system32\config\systemprofile\.m2\repository\com\google\guava\guava\25.0-jre\guava-25.0-jre.jar;C:\Windows\system32\config\systemprofile\.m2\repository\com\google\code\findbugs\jsr305\1.3.9\jsr305-1.3.9.jar;C:\Windows\system32\config\systemprofile\.m2\repository\org\checkerframework\checker-compat-qual\2.0.0\checker-compat-qual-2.0.0.jar;C:\Windows\system32\config\systemprofile\.m2\repository\com\google\errorprone\error_prone_annotations\2.1.3\error_prone_annotations-2.1.3.jar;C:\Windows\system32\config\systemprofile\.m2\repository\com\google\j2objc\j2objc-annotations\1.1\j2objc-annotations-1.1.jar;C:\Windows\system32\config\systemprofile\.m2\repository\org\codehaus\mojo\animal-sniffer-annotations\1.14\animal-sniffer-annotations-1.14.jar;C:\Windows\system32\config\systemprofile\.m2\repository\com\squareup\okhttp3\okhttp\3.11.0\okhttp-3.11.0.jar;C:\Windows\system32\config\systemprofile\.m2\repository\com\squareup\okio\okio\1.14.0\okio-1.14.0.jar;C:\Windows\system32\config\systemprofile\.m2\repository\org\apache\poi\poi-ooxml\5.0.0\poi-ooxml-5.0.0.jar;C:\Windows\system32\config\systemprofile\.m2\repository\org\apache\poi\poi-ooxml-lite\5.0.0\poi-ooxml-lite-5.0.0.jar;C:\Windows\system32\config\systemprofile\.m2\repository\org\apache\xmlbeans\xmlbeans\4.0.0\xmlbeans-4.0.0.jar;C:\Windows\system32\config\systemprofile\.m2\repository\org\apache\commons\commons-compress\1.20\commons-compress-1.20.jar;C:\Windows\system32\config\systemprofile\.m2\repository\com\github\virtuald\curvesapi\1.06\curvesapi-1.06.jar;C:\Windows\system32\config\systemprofile\.m2\repository\org\bouncycastle\bcpkix-jdk15on\1.68\bcpkix-jdk15on-1.68.jar;C:\Windows\system32\config\systemprofile\.m2\repository\org\bouncycastle\bcprov-jdk15on\1.68\bcprov-jdk15on-1.68.jar;C:\Windows\system32\config\systemprofile\.m2\repository\org\apache\santuario\xmlsec\2.2.1\xmlsec-2.2.1.jar;C:\Windows\system32\config\systemprofile\.m2\repository\com\fasterxml\woodstox\woodstox-core\5.2.1\woodstox-core-5.2.1.jar;C:\Windows\system32\config\systemprofile\.m2\repository\org\codehaus\woodstox\stax2-api\4.2\stax2-api-4.2.jar;C:\Windows\system32\config\systemprofile\.m2\repository\jakarta\xml\bind\jakarta.xml.bind-api\2.3.2\jakarta.xml.bind-api-2.3.2.jar;C:\Windows\system32\config\systemprofile\.m2\repository\jakarta\activation\jakarta.activation-api\1.2.1\jakarta.activation-api-1.2.1.jar;C:\Windows\system32\config\systemprofile\.m2\repository\org\apache\xmlgraphics\batik-all\1.13\batik-all-1.13.jar;C:\Windows\system32\config\systemprofile\.m2\repository\org\apache\xmlgraphics\batik-anim\1.13\batik-anim-1.13.jar;C:\Windows\system32\config\systemprofile\.m2\repository\org\apache\xmlgraphics\batik-shared-resources\1.13\batik-shared-resources-1.13.jar;C:\Windows\system32\config\systemprofile\.m2\repository\xml-apis\xml-apis-ext\1.3.04\xml-apis-ext-1.3.04.jar;C:\Windows\system32\config\systemprofile\.m2\repository\org\apache\xmlgraphics\batik-awt-util\1.13\batik-awt-util-1.13.jar;C:\Windows\system32\config\systemprofile\.m2\repository\org\apache\xmlgraphics\xmlgraphics-commons\2.4\xmlgraphics-commons-2.4.jar;C:\Windows\system32\config\systemprofile\.m2\repository\commons-io\commons-io\1.3.1\commons-io-1.3.1.jar;C:\Windows\system32\config\systemprofile\.m2\repository\org\apache\xmlgraphics\batik-bridge\1.13\batik-bridge-1.13.jar;C:\Windows\system32\config\systemprofile\.m2\repository\org\apache\xmlgraphics\batik-codec\1.13\batik-codec-1.13.jar;C:\Windows\system32\config\systemprofile\.m2\repository\org\apache\xmlgraphics\batik-constants\1.13\batik-constants-1.13.jar;C:\Windows\system32\config\systemprofile\.m2\repository\org\apache\xmlgraphics\batik-css\1.13\batik-css-1.13.jar;C:\Windows\system32\config\systemprofile\.m2\repository\org\apache\xmlgraphics\batik-dom\1.13\batik-dom-1.13.jar;C:\Windows\system32\config\systemprofile\.m2\repository\xalan\xalan\2.7.2\xalan-2.7.2.jar;C:\Windows\system32\config\systemprofile\.m2\repository\xalan\serializer\2.7.2\serializer-2.7.2.jar;C:\Windows\system32\config\systemprofile\.m2\repository\xml-apis\xml-apis\1.4.01\xml-apis-1.4.01.jar;C:\Windows\system32\config\systemprofile\.m2\repository\org\apache\xmlgraphics\batik-ext\1.13\batik-ext-1.13.jar;C:\Windows\system32\config\systemprofile\.m2\repository\org\apache\xmlgraphics\batik-extension\1.13\batik-extension-1.13.jar;C:\Windows\system32\config\systemprofile\.m2\repository\org\apache\xmlgraphics\batik-gui-util\1.13\batik-gui-util-1.13.jar;C:\Windows\system32\config\systemprofile\.m2\repository\org\apache\xmlgraphics\batik-gvt\1.13\batik-gvt-1.13.jar;C:\Windows\system32\config\systemprofile\.m2\repository\org\apache\xmlgraphics\batik-i18n\1.13\batik-i18n-1.13.jar;C:\Windows\system32\config\systemprofile\.m2\repository\org\apache\xmlgraphics\batik-parser\1.13\batik-parser-1.13.jar;C:\Windows\system32\config\systemprofile\.m2\repository\org\apache\xmlgraphics\batik-rasterizer-ext\1.13\batik-rasterizer-ext-1.13.jar;C:\Windows\system32\config\systemprofile\.m2\repository\org\apache\xmlgraphics\batik-rasterizer\1.13\batik-rasterizer-1.13.jar;C:\Windows\system32\config\systemprofile\.m2\repository\org\apache\xmlgraphics\batik-script\1.13\batik-script-1.13.jar;C:\Windows\system32\config\systemprofile\.m2\repository\org\apache\xmlgraphics\batik-slideshow\1.13\batik-slideshow-1.13.jar;C:\Windows\system32\config\systemprofile\.m2\repository\org\apache\xmlgraphics\batik-squiggle-ext\1.13\batik-squiggle-ext-1.13.jar;C:\Windows\system32\config\systemprofile\.m2\repository\org\apache\xmlgraphics\batik-squiggle\1.13\batik-squiggle-1.13.jar;C:\Windows\system32\config\systemprofile\.m2\repository\org\apache\xmlgraphics\batik-svg-dom\1.13\batik-svg-dom-1.13.jar;C:\Windows\system32\config\systemprofile\.m2\repository\org\apache\xmlgraphics\batik-svgbrowser\1.13\batik-svgbrowser-1.13.jar;C:\Windows\system32\config\systemprofile\.m2\repository\org\apache\xmlgraphics\batik-svggen\1.13\batik-svggen-1.13.jar;C:\Windows\system32\config\systemprofile\.m2\repository\org\apache\xmlgraphics\batik-svgpp\1.13\batik-svgpp-1.13.jar;C:\Windows\system32\config\systemprofile\.m2\repository\org\apache\xmlgraphics\batik-svgrasterizer\1.13\batik-svgrasterizer-1.13.jar;C:\Windows\system32\config\systemprofile\.m2\repository\org\apache\xmlgraphics\batik-swing\1.13\batik-swing-1.13.jar;C:\Windows\system32\config\systemprofile\.m2\repository\org\apache\xmlgraphics\batik-transcoder\1.13\batik-transcoder-1.13.jar;C:\Windows\system32\config\systemprofile\.m2\repository\org\apache\xmlgraphics\batik-util\1.13\batik-util-1.13.jar;C:\Windows\system32\config\systemprofile\.m2\repository\org\apache\xmlgraphics\batik-ttf2svg\1.13\batik-ttf2svg-1.13.jar;C:\Windows\system32\config\systemprofile\.m2\repository\org\apache\xmlgraphics\batik-xml\1.13\batik-xml-1.13.jar;C:\Windows\system32\config\systemprofile\.m2\repository\de\rototor\pdfbox\graphics2d\0.30\graphics2d-0.30.jar;C:\Windows\system32\config\systemprofile\.m2\repository\org\apache\pdfbox\pdfbox\2.0.22\pdfbox-2.0.22.jar;C:\Windows\system32\config\systemprofile\.m2\repository\org\apache\pdfbox\fontbox\2.0.22\fontbox-2.0.22.jar;C:\Windows\system32\config\systemprofile\.m2\repository\org\apache\poi\poi\5.0.0\poi-5.0.0.jar;C:\Windows\system32\config\systemprofile\.m2\repository\org\slf4j\slf4j-api\1.7.30\slf4j-api-1.7.30.jar;C:\Windows\system32\config\systemprofile\.m2\repository\org\slf4j\jcl-over-slf4j\1.7.30\jcl-over-slf4j-1.7.30.jar;C:\Windows\system32\config\systemprofile\.m2\repository\commons-codec\commons-codec\1.15\commons-codec-1.15.jar;C:\Windows\system32\config\systemprofile\.m2\repository\org\apache\commons\commons-collections4\4.4\commons-collections4-4.4.jar;C:\Windows\system32\config\systemprofile\.m2\repository\org\apache\commons\commons-math3\3.6.1\commons-math3-3.6.1.jar;C:\Windows\system32\config\systemprofile\.m2\repository\com\zaxxer\SparseBitSet\1.2\SparseBitSet-1.2.jar;C:\Windows\system32\config\systemprofile\.m2\repository\org\testng\testng\7.4.0\testng-7.4.0.jar;C:\Windows\system32\config\systemprofile\.m2\repository\com\beust\jcommander\1.78\jcommander-1.78.jar;C:\Windows\system32\config\systemprofile\.m2\repository\org\webjars\jquery\3.5.1\jquery-3.5.1.jar;C:\Windows\system32\config\systemprofile\.m2\repository\org\apache\logging\log4j\log4j-api\2.14.1\log4j-api-2.14.1.jar;C:\Windows\system32\config\systemprofile\.m2\repository\org\apache\logging\log4j\log4j-core\2.14.1\log4j-core-2.14.1.jar;C:\Windows\system32\config\systemprofile\.m2\repository\com\relevantcodes\extentreports\2.41.2\extentreports-2.41.2.jar;C:\Windows\system32\config\systemprofile\.m2\repository\org\jsoup\jsoup\1.8.3\jsoup-1.8.3.jar;C:\Windows\system32\config\systemprofile\.m2\repository\org\xerial\sqlite-jdbc\3.8.11.1\sqlite-jdbc-3.8.11.1.jar;C:\Windows\system32\config\systemprofile\.m2\repository\org\freemarker\freemarker\2.3.23\freemarker-2.3.23.jar;C:\Windows\system32\config\systemprofile\.m2\repository\org\mongodb\mongodb-driver\3.0.4\mongodb-driver-3.0.4.jar;C:\Windows\system32\config\systemprofile\.m2\repository\org\mongodb\bson\3.0.4\bson-3.0.4.jar;C:\Windows\system32\config\systemprofile\.m2\repository\org\mongodb\mongodb-driver-core\3.0.4\mongodb-driver-core-3.0.4.jar;C:\Windows\system32\config\systemprofile\.m2\repository\com\aventstack\extentreports\3.1.5\extentreports-3.1.5.jar;C:\Windows\system32\config\systemprofile\.m2\repository\org\apache\httpcomponents\httpclient\4.5.2\httpclient-4.5.2.jar;C:\Windows\system32\config\systemprofile\.m2\repository\org\apache\httpcomponents\httpcore\4.4.4\httpcore-4.4.4.jar;C:\Windows\system32\config\systemprofile\.m2\repository\commons-logging\commons-logging\1.2\commons-logging-1.2.jar;C:\Windows\system32\config\systemprofile\.m2\repository\org\apache\httpcomponents\httpmime\4.5.2\httpmime-4.5.2.jar;C:\Windows\system32\config\systemprofile\.m2\repository\com\google\code\gson\gson\2.8.0\gson-2.8.0.jar;C:\Windows\system32\config\systemprofile\.m2\repository\log4j\log4j\1.2.17\log4j-1.2.17.jar;C:\Windows\system32\config\systemprofile\.m2\repository\junit\junit\4.13.2\junit-4.13.2.jar;C:\Windows\system32\config\systemprofile\.m2\repository\org\hamcrest\hamcrest-core\1.3\hamcrest-core-1.3.jar;"/>
    <property name="sun.cpu.endian" value="little"/>
    <property name="user.home" value="C:\Windows\system32\config\systemprofile"/>
    <property name="user.language" value="en"/>
    <property name="java.specification.vendor" value="Oracle Corporation"/>
    <property name="java.version.date" value="2021-07-20"/>
    <property name="java.home" value="C:\Program Files\Java\jdk-11.0.12"/>
    <property name="file.separator" value="\"/>
    <property name="basedir" value="C:\Users\saiha\eclipse-workspace\UrbanLadder"/>
    <property name="java.vm.compressedOopsMode" value="32-bit"/>
    <property name="line.separator" value="&#10;"/>
    <property name="java.specification.name" value="Java Platform API Specification"/>
    <property name="java.vm.specification.vendor" value="Oracle Corporation"/>
    <property name="java.awt.graphicsenv" value="sun.awt.Win32GraphicsEnvironment"/>
    <property name="surefire.real.class.path" value="C:\Windows\Temp\surefire18306293268860854395\surefirebooter7884856845831902874.jar"/>
    <property name="user.script" value=""/>
    <property name="sun.management.compiler" value="HotSpot 64-Bit Tiered Compilers"/>
    <property name="java.runtime.version" value="11.0.12+8-LTS-237"/>
    <property name="user.name" value="HARISH$"/>
    <property name="path.separator" value=";"/>
    <property name="os.version" value="10.0"/>
    <property name="java.runtime.name" value="Java(TM) SE Runtime Environment"/>
    <property name="file.encoding" value="Cp1252"/>
    <property name="java.vm.name" value="Java HotSpot(TM) 64-Bit Server VM"/>
    <property name="java.vendor.version" value="18.9"/>
    <property name="localRepository" value="C:\Windows\system32\config\systemprofile\.m2\repository"/>
    <property name="java.vendor.url.bug" value="https://bugreport.java.com/bugreport/"/>
    <property name="java.io.tmpdir" value="C:\Windows\TEMP\"/>
    <property name="java.version" value="11.0.12"/>
    <property name="user.dir" value="C:\Users\saiha\eclipse-workspace\UrbanLadder"/>
    <property name="os.arch" value="amd64"/>
    <property name="java.vm.specification.name" value="Java Virtual Machine Specification"/>
    <property name="java.awt.printerjob" value="sun.awt.windows.WPrinterJob"/>
    <property name="sun.os.patch.level" value=""/>
    <property name="java.library.path" value="C:\Program Files\Java\jdk-11.0.12\bin;C:\Windows\Sun\Java\bin;C:\Windows\system32;C:\Windows;C:\Program Files\apache-maven-3.8.1-bin\apache-maven-3.8.1/bin;C:\Program Files\Common Files\Oracle\Java\javapath;C:\Windows\system32;C:\Windows;C:\Windows\System32\Wbem;C:\Windows\System32\WindowsPowerShell\v1.0\;C:\Windows\System32\OpenSSH\;C:\Program Files\MySQL\MySQL Server 8.0\bin;C:\Program Files\apache-maven-3.8.1-bin\apache-maven-3.8.1\bin;C:\Program Files\Java\jdk-11.0.12\bin;C:\Program Files\Git\cmd;C:\Program Files\Git\mingw64\bin;C:\Program Files\Git\usr\bin;C:\Program Files (x86)\Notepad++;C:\Program Files\Perforce\;C:\Program Files\Perforce;C:\9781789134926_Code\axis2-1.6.2\bin;C:\Program Files\Java\jdk-11.0.12\bin;C:\Windows\system32\config\systemprofile\AppData\Local\Microsoft\WindowsApps;."/>
    <property name="java.vendor" value="Oracle Corporation"/>
    <property name="java.vm.info" value="mixed mode"/>
    <property name="java.vm.version" value="11.0.12+8-LTS-237"/>
    <property name="sun.io.unicode.encoding" value="UnicodeLittle"/>
    <property name="java.class.version" value="55.0"/>
  </properties>
  <testcase name="in" classname="com.UrbanLadder.Runner.AllTestcases" time="22.396">
    <failure message="unknown error: net::ERR_INTERNET_DISCONNECTED&#10;  (Session info: chrome=93.0.4577.82)&#10;Build info: version: &apos;3.141.59&apos;, revision: &apos;e82be7d358&apos;, time: &apos;2018-11-14T08:17:03&apos;&#10;System info: host: &apos;HARISH&apos;, ip: &apos;127.0.0.1&apos;, os.name: &apos;Windows 10&apos;, os.arch: &apos;amd64&apos;, os.version: &apos;10.0&apos;, java.version: &apos;11.0.12&apos;&#10;Driver info: org.openqa.selenium.chrome.ChromeDriver&#10;Capabilities {acceptInsecureCerts: false, browserName: chrome, browserVersion: 93.0.4577.82, chrome: {chromedriverVersion: 92.0.4515.107 (87a818b10553..., userDataDir: C:\Windows\TEMP\scoped_dir2...}, goog:chromeOptions: {debuggerAddress: localhost:64012}, javascriptEnabled: true, networkConnectionEnabled: false, pageLoadStrategy: normal, platform: WINDOWS, platformName: WINDOWS, proxy: Proxy(), setWindowRect: true, strictFileInteractability: false, timeouts: {implicit: 0, pageLoad: 300000, script: 30000}, unhandledPromptBehavior: dismiss and notify, webauthn:extension:credBlob: true, webauthn:extension:largeBlob: true, webauthn:virtualAuthenticators: true}&#10;Session ID: ad0bc4679170cd76e5cd3aba20e4df58" type="org.openqa.selenium.WebDriverException"><![CDATA[org.openqa.selenium.WebDriverException: 
unknown error: net::ERR_INTERNET_DISCONNECTED
  (Session info: chrome=93.0.4577.82)
Build info: version: '3.141.59', revision: 'e82be7d358', time: '2018-11-14T08:17:03'
System info: host: 'HARISH', ip: '127.0.0.1', os.name: 'Windows 10', os.arch: 'amd64', os.version: '10.0', java.version: '11.0.12'
Driver info: org.openqa.selenium.chrome.ChromeDriver
Capabilities {acceptInsecureCerts: false, browserName: chrome, browserVersion: 93.0.4577.82, chrome: {chromedriverVersion: 92.0.4515.107 (87a818b10553..., userDataDir: C:\Windows\TEMP\scoped_dir2...}, goog:chromeOptions: {debuggerAddress: localhost:64012}, javascriptEnabled: true, networkConnectionEnabled: false, pageLoadStrategy: normal, platform: WINDOWS, platformName: WINDOWS, proxy: Proxy(), setWindowRect: true, strictFileInteractability: false, timeouts: {implicit: 0, pageLoad: 300000, script: 30000}, unhandledPromptBehavior: dismiss and notify, webauthn:extension:credBlob: true, webauthn:extension:largeBlob: true, webauthn:virtualAuthenticators: true}
Session ID: ad0bc4679170cd76e5cd3aba20e4df58
	at com.UrbanLadder.Runner.AllTestcases.in(AllTestcases.java:31)
]]></failure>
    <system-err><![CDATA[Starting ChromeDriver 92.0.4515.107 (87a818b10553a07434ea9e2b6dccf3cbe7895134-refs/branch-heads/4515@{#1634}) on port 34767
Only local connections are allowed.
Please see https://chromedriver.chromium.org/security-considerations for suggestions on keeping ChromeDriver safe.
ChromeDriver was started successfully.
[1632624237.505][WARNING]: This version of ChromeDriver has not been tested with Chrome version 93.
Sep 26, 2021 8:14:00 AM org.openqa.selenium.remote.ProtocolHandshake createSession
INFO: Detected dialect: W3C
]]></system-err>
  </testcase>
  <testcase name="in" classname="com.UrbanLadder.Runner.AllTestcases" time="0">
    <skipped/>
  </testcase>
  <testcase name="in" classname="com.UrbanLadder.Runner.AllTestcases" time="0">
    <skipped/>
  </testcase>
  <testcase name="in" classname="com.UrbanLadder.Runner.AllTestcases" time="0">
    <skipped/>
  </testcase>
  <testcase name="in" classname="com.UrbanLadder.Runner.AllTestcases" time="0">
    <skipped/>
  </testcase>
  <testcase name="in" classname="com.UrbanLadder.Runner.AllTestcases" time="0">
    <skipped/>
  </testcase>
  <testcase name="in" classname="com.UrbanLadder.Runner.AllTestcases" time="0">
    <skipped/>
  </testcase>
  <testcase name="in" classname="com.UrbanLadder.Runner.AllTestcases" time="0">
    <skipped/>
  </testcase>
  <testcase name="in" classname="com.UrbanLadder.Runner.AllTestcases" time="0">
    <skipped/>
  </testcase>
  <testcase name="in" classname="com.UrbanLadder.Runner.AllTestcases" time="0">
    <skipped/>
  </testcase>
  <testcase name="in" classname="com.UrbanLadder.Runner.AllTestcases" time="0">
    <skipped/>
  </testcase>
  <testcase name="SearchForItem" classname="com.UrbanLadder.Runner.AllTestcases" time="0">
    <skipped message="unknown error: net::ERR_INTERNET_DISCONNECTED&#10;  (Session info: chrome=93.0.4577.82)&#10;Build info: version: &apos;3.141.59&apos;, revision: &apos;e82be7d358&apos;, time: &apos;2018-11-14T08:17:03&apos;&#10;System info: host: &apos;HARISH&apos;, ip: &apos;127.0.0.1&apos;, os.name: &apos;Windows 10&apos;, os.arch: &apos;amd64&apos;, os.version: &apos;10.0&apos;, java.version: &apos;11.0.12&apos;&#10;Driver info: org.openqa.selenium.chrome.ChromeDriver&#10;Capabilities {acceptInsecureCerts: false, browserName: chrome, browserVersion: 93.0.4577.82, chrome: {chromedriverVersion: 92.0.4515.107 (87a818b10553..., userDataDir: C:\Windows\TEMP\scoped_dir2...}, goog:chromeOptions: {debuggerAddress: localhost:64012}, javascriptEnabled: true, networkConnectionEnabled: false, pageLoadStrategy: normal, platform: WINDOWS, platformName: WINDOWS, proxy: Proxy(), setWindowRect: true, strictFileInteractability: false, timeouts: {implicit: 0, pageLoad: 300000, script: 30000}, unhandledPromptBehavior: dismiss and notify, webauthn:extension:credBlob: true, webauthn:extension:largeBlob: true, webauthn:virtualAuthenticators: true}&#10;Session ID: ad0bc4679170cd76e5cd3aba20e4df58"/>
  </testcase>
  <testcase name="closeDriverM" classname="com.UrbanLadder.Runner.AllTestcases" time="0">
    <skipped/>
  </testcase>
  <testcase name="closeDriverM" classname="com.UrbanLadder.Runner.AllTestcases" time="0">
    <skipped/>
  </testcase>
  <testcase name="closeDriverM" classname="com.UrbanLadder.Runner.AllTestcases" time="0">
    <skipped/>
  </testcase>
  <testcase name="closeDriverM" classname="com.UrbanLadder.Runner.AllTestcases" time="0">
    <skipped/>
  </testcase>
  <testcase name="closeDriverM" classname="com.UrbanLadder.Runner.AllTestcases" time="0">
    <skipped/>
  </testcase>
  <testcase name="closeDriverM" classname="com.UrbanLadder.Runner.AllTestcases" time="0">
    <skipped/>
  </testcase>
  <testcase name="closeDriverM" classname="com.UrbanLadder.Runner.AllTestcases" time="0">
    <skipped/>
  </testcase>
  <testcase name="closeDriverM" classname="com.UrbanLadder.Runner.AllTestcases" time="0">
    <skipped/>
  </testcase>
  <testcase name="closeDriverM" classname="com.UrbanLadder.Runner.AllTestcases" time="0">
    <skipped/>
  </testcase>
  <testcase name="closeDriverM" classname="com.UrbanLadder.Runner.AllTestcases" time="0">
    <skipped/>
  </testcase>
  <testcase name="closeDriverM" classname="com.UrbanLadder.Runner.AllTestcases" time="0">
    <skipped/>
  </testcase>
  <testcase name="GetCities" classname="com.UrbanLadder.Runner.AllTestcases" time="0">
    <skipped message="unknown error: net::ERR_INTERNET_DISCONNECTED&#10;  (Session info: chrome=93.0.4577.82)&#10;Build info: version: &apos;3.141.59&apos;, revision: &apos;e82be7d358&apos;, time: &apos;2018-11-14T08:17:03&apos;&#10;System info: host: &apos;HARISH&apos;, ip: &apos;127.0.0.1&apos;, os.name: &apos;Windows 10&apos;, os.arch: &apos;amd64&apos;, os.version: &apos;10.0&apos;, java.version: &apos;11.0.12&apos;&#10;Driver info: org.openqa.selenium.chrome.ChromeDriver&#10;Capabilities {acceptInsecureCerts: false, browserName: chrome, browserVersion: 93.0.4577.82, chrome: {chromedriverVersion: 92.0.4515.107 (87a818b10553..., userDataDir: C:\Windows\TEMP\scoped_dir2...}, goog:chromeOptions: {debuggerAddress: localhost:64012}, javascriptEnabled: true, networkConnectionEnabled: false, pageLoadStrategy: normal, platform: WINDOWS, platformName: WINDOWS, proxy: Proxy(), setWindowRect: true, strictFileInteractability: false, timeouts: {implicit: 0, pageLoad: 300000, script: 30000}, unhandledPromptBehavior: dismiss and notify, webauthn:extension:credBlob: true, webauthn:extension:largeBlob: true, webauthn:virtualAuthenticators: true}&#10;Session ID: ad0bc4679170cd76e5cd3aba20e4df58"/>
  </testcase>
  <testcase name="TvPrice" classname="com.UrbanLadder.Runner.AllTestcases" time="0">
    <skipped message="unknown error: net::ERR_INTERNET_DISCONNECTED&#10;  (Session info: chrome=93.0.4577.82)&#10;Build info: version: &apos;3.141.59&apos;, revision: &apos;e82be7d358&apos;, time: &apos;2018-11-14T08:17:03&apos;&#10;System info: host: &apos;HARISH&apos;, ip: &apos;127.0.0.1&apos;, os.name: &apos;Windows 10&apos;, os.arch: &apos;amd64&apos;, os.version: &apos;10.0&apos;, java.version: &apos;11.0.12&apos;&#10;Driver info: org.openqa.selenium.chrome.ChromeDriver&#10;Capabilities {acceptInsecureCerts: false, browserName: chrome, browserVersion: 93.0.4577.82, chrome: {chromedriverVersion: 92.0.4515.107 (87a818b10553..., userDataDir: C:\Windows\TEMP\scoped_dir2...}, goog:chromeOptions: {debuggerAddress: localhost:64012}, javascriptEnabled: true, networkConnectionEnabled: false, pageLoadStrategy: normal, platform: WINDOWS, platformName: WINDOWS, proxy: Proxy(), setWindowRect: true, strictFileInteractability: false, timeouts: {implicit: 0, pageLoad: 300000, script: 30000}, unhandledPromptBehavior: dismiss and notify, webauthn:extension:credBlob: true, webauthn:extension:largeBlob: true, webauthn:virtualAuthenticators: true}&#10;Session ID: ad0bc4679170cd76e5cd3aba20e4df58"/>
  </testcase>
  <testcase name="GetTwitterFollowers" classname="com.UrbanLadder.Runner.AllTestcases" time="0">
    <skipped message="unknown error: net::ERR_INTERNET_DISCONNECTED&#10;  (Session info: chrome=93.0.4577.82)&#10;Build info: version: &apos;3.141.59&apos;, revision: &apos;e82be7d358&apos;, time: &apos;2018-11-14T08:17:03&apos;&#10;System info: host: &apos;HARISH&apos;, ip: &apos;127.0.0.1&apos;, os.name: &apos;Windows 10&apos;, os.arch: &apos;amd64&apos;, os.version: &apos;10.0&apos;, java.version: &apos;11.0.12&apos;&#10;Driver info: org.openqa.selenium.chrome.ChromeDriver&#10;Capabilities {acceptInsecureCerts: false, browserName: chrome, browserVersion: 93.0.4577.82, chrome: {chromedriverVersion: 92.0.4515.107 (87a818b10553..., userDataDir: C:\Windows\TEMP\scoped_dir2...}, goog:chromeOptions: {debuggerAddress: localhost:64012}, javascriptEnabled: true, networkConnectionEnabled: false, pageLoadStrategy: normal, platform: WINDOWS, platformName: WINDOWS, proxy: Proxy(), setWindowRect: true, strictFileInteractability: false, timeouts: {implicit: 0, pageLoad: 300000, script: 30000}, unhandledPromptBehavior: dismiss and notify, webauthn:extension:credBlob: true, webauthn:extension:largeBlob: true, webauthn:virtualAuthenticators: true}&#10;Session ID: ad0bc4679170cd76e5cd3aba20e4df58"/>
  </testcase>
  <testcase name="VerifyGiftCard" classname="com.UrbanLadder.Runner.AllTestcases" time="0">
    <skipped message="unknown error: net::ERR_INTERNET_DISCONNECTED&#10;  (Session info: chrome=93.0.4577.82)&#10;Build info: version: &apos;3.141.59&apos;, revision: &apos;e82be7d358&apos;, time: &apos;2018-11-14T08:17:03&apos;&#10;System info: host: &apos;HARISH&apos;, ip: &apos;127.0.0.1&apos;, os.name: &apos;Windows 10&apos;, os.arch: &apos;amd64&apos;, os.version: &apos;10.0&apos;, java.version: &apos;11.0.12&apos;&#10;Driver info: org.openqa.selenium.chrome.ChromeDriver&#10;Capabilities {acceptInsecureCerts: false, browserName: chrome, browserVersion: 93.0.4577.82, chrome: {chromedriverVersion: 92.0.4515.107 (87a818b10553..., userDataDir: C:\Windows\TEMP\scoped_dir2...}, goog:chromeOptions: {debuggerAddress: localhost:64012}, javascriptEnabled: true, networkConnectionEnabled: false, pageLoadStrategy: normal, platform: WINDOWS, platformName: WINDOWS, proxy: Proxy(), setWindowRect: true, strictFileInteractability: false, timeouts: {implicit: 0, pageLoad: 300000, script: 30000}, unhandledPromptBehavior: dismiss and notify, webauthn:extension:credBlob: true, webauthn:extension:largeBlob: true, webauthn:virtualAuthenticators: true}&#10;Session ID: ad0bc4679170cd76e5cd3aba20e4df58"/>
  </testcase>
  <testcase name="CheckoutItem" classname="com.UrbanLadder.Runner.AllTestcases" time="0">
    <skipped message="unknown error: net::ERR_INTERNET_DISCONNECTED&#10;  (Session info: chrome=93.0.4577.82)&#10;Build info: version: &apos;3.141.59&apos;, revision: &apos;e82be7d358&apos;, time: &apos;2018-11-14T08:17:03&apos;&#10;System info: host: &apos;HARISH&apos;, ip: &apos;127.0.0.1&apos;, os.name: &apos;Windows 10&apos;, os.arch: &apos;amd64&apos;, os.version: &apos;10.0&apos;, java.version: &apos;11.0.12&apos;&#10;Driver info: org.openqa.selenium.chrome.ChromeDriver&#10;Capabilities {acceptInsecureCerts: false, browserName: chrome, browserVersion: 93.0.4577.82, chrome: {chromedriverVersion: 92.0.4515.107 (87a818b10553..., userDataDir: C:\Windows\TEMP\scoped_dir2...}, goog:chromeOptions: {debuggerAddress: localhost:64012}, javascriptEnabled: true, networkConnectionEnabled: false, pageLoadStrategy: normal, platform: WINDOWS, platformName: WINDOWS, proxy: Proxy(), setWindowRect: true, strictFileInteractability: false, timeouts: {implicit: 0, pageLoad: 300000, script: 30000}, unhandledPromptBehavior: dismiss and notify, webauthn:extension:credBlob: true, webauthn:extension:largeBlob: true, webauthn:virtualAuthenticators: true}&#10;Session ID: ad0bc4679170cd76e5cd3aba20e4df58"/>
  </testcase>
  <testcase name="ChatSupportCkeck" classname="com.UrbanLadder.Runner.AllTestcases" time="0">
    <skipped message="unknown error: net::ERR_INTERNET_DISCONNECTED&#10;  (Session info: chrome=93.0.4577.82)&#10;Build info: version: &apos;3.141.59&apos;, revision: &apos;e82be7d358&apos;, time: &apos;2018-11-14T08:17:03&apos;&#10;System info: host: &apos;HARISH&apos;, ip: &apos;127.0.0.1&apos;, os.name: &apos;Windows 10&apos;, os.arch: &apos;amd64&apos;, os.version: &apos;10.0&apos;, java.version: &apos;11.0.12&apos;&#10;Driver info: org.openqa.selenium.chrome.ChromeDriver&#10;Capabilities {acceptInsecureCerts: false, browserName: chrome, browserVersion: 93.0.4577.82, chrome: {chromedriverVersion: 92.0.4515.107 (87a818b10553..., userDataDir: C:\Windows\TEMP\scoped_dir2...}, goog:chromeOptions: {debuggerAddress: localhost:64012}, javascriptEnabled: true, networkConnectionEnabled: false, pageLoadStrategy: normal, platform: WINDOWS, platformName: WINDOWS, proxy: Proxy(), setWindowRect: true, strictFileInteractability: false, timeouts: {implicit: 0, pageLoad: 300000, script: 30000}, unhandledPromptBehavior: dismiss and notify, webauthn:extension:credBlob: true, webauthn:extension:largeBlob: true, webauthn:virtualAuthenticators: true}&#10;Session ID: ad0bc4679170cd76e5cd3aba20e4df58"/>
  </testcase>
  <testcase name="NoOfLinksinStoresPage" classname="com.UrbanLadder.Runner.AllTestcases" time="0">
    <skipped message="unknown error: net::ERR_INTERNET_DISCONNECTED&#10;  (Session info: chrome=93.0.4577.82)&#10;Build info: version: &apos;3.141.59&apos;, revision: &apos;e82be7d358&apos;, time: &apos;2018-11-14T08:17:03&apos;&#10;System info: host: &apos;HARISH&apos;, ip: &apos;127.0.0.1&apos;, os.name: &apos;Windows 10&apos;, os.arch: &apos;amd64&apos;, os.version: &apos;10.0&apos;, java.version: &apos;11.0.12&apos;&#10;Driver info: org.openqa.selenium.chrome.ChromeDriver&#10;Capabilities {acceptInsecureCerts: false, browserName: chrome, browserVersion: 93.0.4577.82, chrome: {chromedriverVersion: 92.0.4515.107 (87a818b10553..., userDataDir: C:\Windows\TEMP\scoped_dir2...}, goog:chromeOptions: {debuggerAddress: localhost:64012}, javascriptEnabled: true, networkConnectionEnabled: false, pageLoadStrategy: normal, platform: WINDOWS, platformName: WINDOWS, proxy: Proxy(), setWindowRect: true, strictFileInteractability: false, timeouts: {implicit: 0, pageLoad: 300000, script: 30000}, unhandledPromptBehavior: dismiss and notify, webauthn:extension:credBlob: true, webauthn:extension:largeBlob: true, webauthn:virtualAuthenticators: true}&#10;Session ID: ad0bc4679170cd76e5cd3aba20e4df58"/>
  </testcase>
  <testcase name="TrackOrder[U1, P1](1)" classname="com.UrbanLadder.Runner.AllTestcases" time="0">
    <skipped message="unknown error: net::ERR_INTERNET_DISCONNECTED&#10;  (Session info: chrome=93.0.4577.82)&#10;Build info: version: &apos;3.141.59&apos;, revision: &apos;e82be7d358&apos;, time: &apos;2018-11-14T08:17:03&apos;&#10;System info: host: &apos;HARISH&apos;, ip: &apos;127.0.0.1&apos;, os.name: &apos;Windows 10&apos;, os.arch: &apos;amd64&apos;, os.version: &apos;10.0&apos;, java.version: &apos;11.0.12&apos;&#10;Driver info: org.openqa.selenium.chrome.ChromeDriver&#10;Capabilities {acceptInsecureCerts: false, browserName: chrome, browserVersion: 93.0.4577.82, chrome: {chromedriverVersion: 92.0.4515.107 (87a818b10553..., userDataDir: C:\Windows\TEMP\scoped_dir2...}, goog:chromeOptions: {debuggerAddress: localhost:64012}, javascriptEnabled: true, networkConnectionEnabled: false, pageLoadStrategy: normal, platform: WINDOWS, platformName: WINDOWS, proxy: Proxy(), setWindowRect: true, strictFileInteractability: false, timeouts: {implicit: 0, pageLoad: 300000, script: 30000}, unhandledPromptBehavior: dismiss and notify, webauthn:extension:credBlob: true, webauthn:extension:largeBlob: true, webauthn:virtualAuthenticators: true}&#10;Session ID: ad0bc4679170cd76e5cd3aba20e4df58"/>
  </testcase>
  <testcase name="TrackOrder[U2, P2](2)" classname="com.UrbanLadder.Runner.AllTestcases" time="0">
    <skipped message="unknown error: net::ERR_INTERNET_DISCONNECTED&#10;  (Session info: chrome=93.0.4577.82)&#10;Build info: version: &apos;3.141.59&apos;, revision: &apos;e82be7d358&apos;, time: &apos;2018-11-14T08:17:03&apos;&#10;System info: host: &apos;HARISH&apos;, ip: &apos;127.0.0.1&apos;, os.name: &apos;Windows 10&apos;, os.arch: &apos;amd64&apos;, os.version: &apos;10.0&apos;, java.version: &apos;11.0.12&apos;&#10;Driver info: org.openqa.selenium.chrome.ChromeDriver&#10;Capabilities {acceptInsecureCerts: false, browserName: chrome, browserVersion: 93.0.4577.82, chrome: {chromedriverVersion: 92.0.4515.107 (87a818b10553..., userDataDir: C:\Windows\TEMP\scoped_dir2...}, goog:chromeOptions: {debuggerAddress: localhost:64012}, javascriptEnabled: true, networkConnectionEnabled: false, pageLoadStrategy: normal, platform: WINDOWS, platformName: WINDOWS, proxy: Proxy(), setWindowRect: true, strictFileInteractability: false, timeouts: {implicit: 0, pageLoad: 300000, script: 30000}, unhandledPromptBehavior: dismiss and notify, webauthn:extension:credBlob: true, webauthn:extension:largeBlob: true, webauthn:virtualAuthenticators: true}&#10;Session ID: ad0bc4679170cd76e5cd3aba20e4df58"/>
  </testcase>
  <testcase name="SelectRecommendations" classname="com.UrbanLadder.Runner.AllTestcases" time="0">
    <skipped message="unknown error: net::ERR_INTERNET_DISCONNECTED&#10;  (Session info: chrome=93.0.4577.82)&#10;Build info: version: &apos;3.141.59&apos;, revision: &apos;e82be7d358&apos;, time: &apos;2018-11-14T08:17:03&apos;&#10;System info: host: &apos;HARISH&apos;, ip: &apos;127.0.0.1&apos;, os.name: &apos;Windows 10&apos;, os.arch: &apos;amd64&apos;, os.version: &apos;10.0&apos;, java.version: &apos;11.0.12&apos;&#10;Driver info: org.openqa.selenium.chrome.ChromeDriver&#10;Capabilities {acceptInsecureCerts: false, browserName: chrome, browserVersion: 93.0.4577.82, chrome: {chromedriverVersion: 92.0.4515.107 (87a818b10553..., userDataDir: C:\Windows\TEMP\scoped_dir2...}, goog:chromeOptions: {debuggerAddress: localhost:64012}, javascriptEnabled: true, networkConnectionEnabled: false, pageLoadStrategy: normal, platform: WINDOWS, platformName: WINDOWS, proxy: Proxy(), setWindowRect: true, strictFileInteractability: false, timeouts: {implicit: 0, pageLoad: 300000, script: 30000}, unhandledPromptBehavior: dismiss and notify, webauthn:extension:credBlob: true, webauthn:extension:largeBlob: true, webauthn:virtualAuthenticators: true}&#10;Session ID: ad0bc4679170cd76e5cd3aba20e4df58"/>
  </testcase>
</testsuite>