<?xml version="1.0" encoding="UTF-8"?>
<!-- Generated by org.testng.reporters.JUnitReportReporter -->
<testsuite hostname="Harish" failures="0" tests="1" name="com.UrbanLadder.Runner.Tc006_ChatFrame" time="54.438" errors="0" timestamp="2021-09-24T15:08:22 IST" skipped="0">
  <testcase classname="com.UrbanLadder.Runner.Tc006_ChatFrame" name="Open6" time="54.438"/>
  <system-out/>
</testsuite> <!-- com.UrbanLadder.Runner.Tc006_ChatFrame -->
