<?xml version="1.0" encoding="UTF-8"?>
<!-- Generated by org.testng.reporters.JUnitReportReporter -->
<testsuite hostname="Harish" failures="0" tests="1" name="com.UrbanLadder.Runner.Tc007_Login" time="0.000" errors="0" timestamp="2021-09-23T19:45:59 IST" skipped="1">
  <testcase classname="com.UrbanLadder.Runner.Tc007_Login" name="Open7" time="0.000">
    <skipped/>
  </testcase> <!-- Open7 -->
  <system-out/>
</testsuite> <!-- com.UrbanLadder.Runner.Tc007_Login -->
