<?xml version="1.0" encoding="UTF-8"?>
<!-- Generated by org.testng.reporters.JUnitReportReporter -->
<testsuite hostname="Harish" failures="0" tests="2" name="com.UrbanLadder.Runner.Tc008_TrackOrder" time="48.256" errors="0" timestamp="2021-09-23T21:47:08 IST" skipped="0">
  <testcase classname="com.UrbanLadder.Runner.Tc008_TrackOrder" name="Open8" time="22.232"/>
  <system-out/>
  <testcase classname="com.UrbanLadder.Runner.Tc008_TrackOrder" name="Open8" time="26.024"/>
  <system-out/>
</testsuite> <!-- com.UrbanLadder.Runner.Tc008_TrackOrder -->
