<?xml version="1.0" encoding="UTF-8"?>
<!-- Generated by org.testng.reporters.JUnitReportReporter -->
<testsuite hostname="Harish" failures="0" tests="1" name="com.UrbanLadder.Runner.Tc002_TvPrice" time="24.021" errors="0" timestamp="2021-09-23T19:45:59 IST" skipped="0">
  <testcase classname="com.UrbanLadder.Runner.Tc002_TvPrice" name="Open2" time="24.021"/>
  <system-out/>
</testsuite> <!-- com.UrbanLadder.Runner.Tc002_TvPrice -->
