<?xml version="1.0" encoding="UTF-8"?>
<!-- Generated by org.testng.reporters.JUnitReportReporter -->
<testsuite hostname="Harish" failures="0" tests="11" name="com.ULHPOM.Runner.AllTestcases" time="339.780" errors="0" timestamp="2021-09-28T19:33:43 IST" skipped="0">
  <testcase classname="com.ULHPOM.Runner.AllTestcases" name="TrackOrder" time="33.100"/>
  <system-out/>
  <testcase classname="com.ULHPOM.Runner.AllTestcases" name="TrackOrder" time="28.660"/>
  <system-out/>
  <testcase classname="com.ULHPOM.Runner.AllTestcases" name="GetCities" time="21.782"/>
  <system-out/>
  <testcase classname="com.ULHPOM.Runner.AllTestcases" name="TvPrice" time="30.658"/>
  <system-out/>
  <testcase classname="com.ULHPOM.Runner.AllTestcases" name="VerifyGiftCard" time="41.921"/>
  <system-out/>
  <testcase classname="com.ULHPOM.Runner.AllTestcases" name="GetTwitterFollowers" time="38.464"/>
  <system-out/>
  <testcase classname="com.ULHPOM.Runner.AllTestcases" name="CheckoutItem" time="31.970"/>
  <system-out/>
  <testcase classname="com.ULHPOM.Runner.AllTestcases" name="ChatSupportCkeck" time="36.126"/>
  <system-out/>
  <testcase classname="com.ULHPOM.Runner.AllTestcases" name="NoOfLinksinStoresPage" time="23.756"/>
  <system-out/>
  <testcase classname="com.ULHPOM.Runner.AllTestcases" name="SearchForItem" time="32.473"/>
  <system-out/>
  <testcase classname="com.ULHPOM.Runner.AllTestcases" name="SelectRecommendations" time="20.870"/>
  <system-out/>
</testsuite> <!-- com.ULHPOM.Runner.AllTestcases -->
