<?xml version="1.0" encoding="UTF-8"?>
<!-- Generated by org.testng.reporters.JUnitReportReporter -->
<testsuite hostname="Harish" failures="0" tests="1" name="com.UrbanLadder.Runner.Tc013_GetProductCountWithOutofSyock" time="49.840" errors="0" timestamp="2021-09-24T10:46:54 IST" skipped="0">
  <testcase classname="com.UrbanLadder.Runner.Tc013_GetProductCountWithOutofSyock" name="Open12" time="49.840"/>
  <system-out/>
</testsuite> <!-- com.UrbanLadder.Runner.Tc013_GetProductCountWithOutofSyock -->
