<?xml version="1.0" encoding="UTF-8"?>
<!-- Generated by org.testng.reporters.JUnitReportReporter -->
<testsuite hostname="Harish" failures="0" tests="1" name="com.UrbanLadder.Runner.Tc014_Help" time="36.316" errors="0" timestamp="2021-09-24T13:40:52 IST" skipped="0">
  <testcase classname="com.UrbanLadder.Runner.Tc014_Help" name="Open12" time="36.316"/>
  <system-out/>
</testsuite> <!-- com.UrbanLadder.Runner.Tc014_Help -->
