<?xml version="1.0" encoding="UTF-8"?>
<!-- Generated by org.testng.reporters.JUnitReportReporter -->
<testsuite hostname="Harish" failures="0" tests="1" name="com.UrbanLadder.Runner.Tc012_CheckBox" time="40.066" errors="0" timestamp="2021-09-24T15:24:03 IST" skipped="0">
  <testcase classname="com.UrbanLadder.Runner.Tc012_CheckBox" name="Open12" time="40.066"/>
  <system-out/>
</testsuite> <!-- com.UrbanLadder.Runner.Tc012_CheckBox -->
