<?xml version="1.0" encoding="UTF-8"?>
<!-- Generated by org.testng.reporters.JUnitReportReporter -->
<testsuite hostname="Harish" failures="0" tests="1" name="com.UrbanLadder.Runner.Tc011_Sheos" time="43.037" errors="0" timestamp="2021-09-24T10:02:58 IST" skipped="0">
  <testcase classname="com.UrbanLadder.Runner.Tc011_Sheos" name="Open2" time="43.037"/>
  <system-out/>
</testsuite> <!-- com.UrbanLadder.Runner.Tc011_Sheos -->
