<?xml version="1.0" encoding="UTF-8"?>
<!-- Generated by org.testng.reporters.JUnitReportReporter -->
<testsuite hostname="Harish" failures="0" tests="1" name="com.UrbanLadder.Runner.Tc009_LinksInStoresPage" time="48.073" errors="0" timestamp="2021-09-23T19:46:00 IST" skipped="0">
  <testcase classname="com.UrbanLadder.Runner.Tc009_LinksInStoresPage" name="Open9" time="48.073"/>
  <system-out/>
</testsuite> <!-- com.UrbanLadder.Runner.Tc009_LinksInStoresPage -->
