<?xml version="1.0" encoding="UTF-8"?>
<!-- Generated by org.testng.reporters.JUnitReportReporter -->
<testsuite hostname="Harish" failures="0" tests="1" name="com.UrbanLadder.Runner.Tc010_GetCities" time="24.363" errors="0" timestamp="2021-09-24T12:20:55 IST" skipped="0">
  <testcase classname="com.UrbanLadder.Runner.Tc010_GetCities" name="Open10" time="24.363"/>
  <system-out/>
</testsuite> <!-- com.UrbanLadder.Runner.Tc010_GetCities -->
