<?xml version="1.0" encoding="UTF-8"?>
<!-- Generated by org.testng.reporters.JUnitReportReporter -->
<testsuite hostname="Harish" failures="0" tests="1" name="com.UrbanLadder.Runner.Tc004_GetTwitterFollowers" time="31.781" errors="0" timestamp="2021-09-23T20:30:02 IST" skipped="0">
  <testcase classname="com.UrbanLadder.Runner.Tc004_GetTwitterFollowers" name="Open4" time="31.781"/>
  <system-out/>
</testsuite> <!-- com.UrbanLadder.Runner.Tc004_GetTwitterFollowers -->
