<?xml version="1.0" encoding="UTF-8"?>
<!-- Generated by org.testng.reporters.JUnitReportReporter -->
<testsuite hostname="Harish" failures="0" tests="1" name="com.UrbanLadder.Runner.Tc005_CheckOutItem" time="55.273" errors="0" timestamp="2021-09-23T19:45:59 IST" skipped="0">
  <testcase classname="com.UrbanLadder.Runner.Tc005_CheckOutItem" name="Open5" time="55.273"/>
  <system-out/>
</testsuite> <!-- com.UrbanLadder.Runner.Tc005_CheckOutItem -->
